2013-10-17 09:45:32 [ main:0 ] - [ ERROR ] 获取连接失败：java.lang.ClassNotFoundException: com.mysql.jdbc.Driver
 2013-10-17 11:34:50 [ main:175 ] - [ ERROR ] javax.crypto.IllegalBlockSizeException: Input length must be multiple of 8 when decrypting with padded cipher
 2013-10-17 11:45:28 [ main:171 ] - [ ERROR ] javax.crypto.IllegalBlockSizeException: Input length must be multiple of 8 when decrypting with padded cipher
 2013-10-17 11:45:38 [ main:168 ] - [ ERROR ] javax.crypto.IllegalBlockSizeException: Input length must be multiple of 8 when decrypting with padded cipher
 2013-10-17 17:33:52 [ main:0 ] - [ ERROR ] java.lang.NullPointerException
 2013-10-17 17:33:55 [ main:2424 ] - [ ERROR ] java.lang.NullPointerException
 2013-10-17 17:33:56 [ main:3859 ] - [ ERROR ] java.lang.NullPointerException
 2013-10-17 17:34:42 [ main:50031 ] - [ ERROR ] java.lang.NullPointerException
 2013-10-17 17:35:01 [ main:0 ] - [ ERROR ] java.lang.NullPointerException
 2013-10-17 17:35:02 [ main:1271 ] - [ ERROR ] java.lang.NullPointerException
 2013-10-17 17:35:03 [ main:2452 ] - [ ERROR ] java.lang.NullPointerException
 2013-10-17 17:35:05 [ main:4069 ] - [ ERROR ] java.lang.NullPointerException
 2013-10-17 17:36:50 [ main:0 ] - [ ERROR ] java.lang.NullPointerException
 2013-10-17 17:38:38 [ main:0 ] - [ ERROR ] java.lang.NullPointerException
 2013-10-17 17:39:20 [ main:0 ] - [ ERROR ] java.lang.NullPointerException
 2013-10-17 17:41:57 [ main:0 ] - [ ERROR ] java.lang.NullPointerException
 2013-10-17 17:43:01 [ main:0 ] - [ ERROR ] java.lang.NullPointerException
 2013-10-17 17:43:35 [ main:34055 ] - [ ERROR ] java.lang.NullPointerException
 2013-10-17 17:44:57 [ main:0 ] - [ ERROR ] java.lang.NullPointerException
 2013-10-17 17:46:56 [ main:118294 ] - [ ERROR ] java.lang.NullPointerException
 2013-10-17 17:47:21 [ main:0 ] - [ ERROR ] java.lang.NullPointerException
 2013-10-17 17:48:20 [ main:0 ] - [ ERROR ] java.lang.NullPointerException
 2013-10-17 21:29:58 [ main:0 ] - [ ERROR ] java.sql.SQLException: [SQLITE_ERROR] SQL error or missing database (no such table: user)
 2013-10-17 22:58:01 [ main:0 ] - [ ERROR ] java.sql.SQLException: [SQLITE_ERROR] SQL error or missing database (table account has 5 columns but 4 values were supplied)
 2013-10-17 22:58:01 [ main:5 ] - [ ERROR ] java.sql.SQLException: [SQLITE_ERROR] SQL error or missing database (table account has 5 columns but 4 values were supplied)
 2013-10-17 23:00:29 [ main:147849 ] - [ ERROR ] java.sql.SQLException: [SQLITE_ERROR] SQL error or missing database (table account has 5 columns but 4 values were supplied)
 2013-10-17 23:00:29 [ main:147858 ] - [ ERROR ] java.sql.SQLException: [SQLITE_ERROR] SQL error or missing database (table account has 5 columns but 4 values were supplied)
 2013-10-17 23:10:48 [ main:0 ] - [ ERROR ] java.lang.NullPointerException
 2013-10-17 23:14:03 [ main:194867 ] - [ ERROR ] java.lang.NullPointerException
 2013-10-17 23:19:36 [ main:93189 ] - [ ERROR ] java.lang.NullPointerException
 2013-10-17 23:24:19 [ main:0 ] - [ ERROR ] java.lang.NullPointerException
 